============================= test session starts ==============================
platform darwin -- Python 3.11.2, pytest-9.1.1, pluggy-1.6.0 -- /Library/Frameworks/Python.framework/Versions/3.11/bin/python3
cachedir: .pytest_cache
rootdir: /Users/hamda/Documents/AI-Trading-Platform
plugins: anyio-4.14.2
collecting ... collected 21 items

tests/test_backtester.py::test_backtester_initialization PASSED          [  4%]
tests/test_backtester.py::test_backtester_no_lookahead_bias PASSED       [  9%]
tests/test_backtester.py::test_portfolio_order_execution PASSED          [ 14%]
tests/test_backtester.py::test_portfolio_insufficient_cash PASSED        [ 19%]
tests/test_backtester.py::test_portfolio_sell_without_position PASSED    [ 23%]
tests/test_backtester.py::test_walk_forward_split PASSED                 [ 28%]
tests/test_backtester.py::test_backtest_run_bull_market PASSED           [ 33%]
tests/test_backtester.py::test_backtest_run_bear_market PASSED           [ 38%]
tests/test_backtester.py::test_deterministic_seeded_run PASSED           [ 42%]
tests/test_backtester.py::test_transaction_costs PASSED                  [ 47%]
tests/test_backtester.py::test_equity_curve_calculation PASSED           [ 52%]
tests/test_backtester.py::test_regime_breakdown PASSED                   [ 57%]
tests/test_backtester.py::test_rejected_orders_dont_execute PASSED       [ 61%]
tests/test_backtester.py::test_sharpe_ratio_calculation PASSED           [ 66%]
tests/test_backtester.py::test_adjusted_sharpe PASSED                    [ 71%]
tests/test_backtester.py::test_max_drawdown_calculation PASSED           [ 76%]
tests/test_ibkr_broker.py::test_simulated_broker_submit_and_cancel PASSED [ 80%]
tests/test_ibkr_broker.py::test_ibkr_broker_live_flow PASSED             [ 85%]
tests/test_main.py::test_import_main PASSED                              [ 90%]
tests/test_trade_endpoints.py::test_trade_execute_and_portfolio_and_orders_and_cancel PASSED [ 95%]
tests/test_trade_endpoints.py::test_health PASSED                        [100%]

=============================== warnings summary ===============================
../../../../Library/Frameworks/Python.framework/Versions/3.11/lib/python3.11/site-packages/fastapi/testclient.py:1
  /Library/Frameworks/Python.framework/Versions/3.11/lib/python3.11/site-packages/fastapi/testclient.py:1: StarletteDeprecationWarning: Using `httpx` with `starlette.testclient` is deprecated; install `httpx2` instead.
    from starlette.testclient import TestClient as TestClient  # noqa

tests/test_trade_endpoints.py::test_trade_execute_and_portfolio_and_orders_and_cancel
  /Users/hamda/Documents/AI-Trading-Platform/backend/main.py:31: PydanticDeprecatedSince20: The `dict` method is deprecated; use `model_dump` instead. Deprecated in Pydantic V2.0 to be removed in V3.0. See Pydantic V2 Migration Guide at https://errors.pydantic.dev/2.13/migration/
    result = execute_trade_request(req.dict())

-- Docs: https://docs.pytest.org/en/stable/how-to/capture-warnings.html
======================== 21 passed, 2 warnings in 1.61s ========================
